<?xml version="1.0" encoding="UTF-8"?>
<testsuite name="com.sayani.controller.PasswordTesting" tests="5" skipped="0" failures="0" errors="0" timestamp="2021-06-30T11:52:30" hostname="DESKTOP-N66BMGP" time="0.007">
  <properties/>
  <testcase name="givenPassword_shouldReturnTrueOrFalse[0]" classname="com.sayani.controller.PasswordTesting" time="0.003"/>
  <testcase name="givenPassword_shouldReturnTrueOrFalse[1]" classname="com.sayani.controller.PasswordTesting" time="0.0"/>
  <testcase name="givenPassword_shouldReturnTrueOrFalse[2]" classname="com.sayani.controller.PasswordTesting" time="0.0"/>
  <testcase name="givenPassword_shouldReturnTrueOrFalse[3]" classname="com.sayani.controller.PasswordTesting" time="0.0"/>
  <testcase name="givenPassword_shouldReturnTrueOrFalse[4]" classname="com.sayani.controller.PasswordTesting" time="0.001"/>
  <system-out><![CDATA[]]></system-out>
  <system-err><![CDATA[]]></system-err>
</testsuite>
